<?xml version="1.0" encoding="UTF-8"?>
<!-- Generated by org.testng.reporters.JUnitReportReporter -->
<testsuite hostname="EMB-BAN-1028" failures="0" tests="4" name="api.test.UserTests" time="12.719" errors="0" timestamp="2023-12-18T15:12:56 IST" skipped="0">
  <testcase classname="api.test.UserTests" name="createUserTest" time="3.244"/>
  <system-out/>
  <testcase classname="api.test.UserTests" name="getUserTest" time="1.234"/>
  <system-out/>
  <testcase classname="api.test.UserTests" name="modifyUserTest" time="6.212"/>
  <system-out/>
  <testcase classname="api.test.UserTests" name="deleteUserTest" time="2.029"/>
  <system-out/>
</testsuite> <!-- api.test.UserTests -->
